<?xml version="1.0" encoding="UTF-8"?>
<!-- Generated by org.testng.reporters.JUnitReportReporter -->
<testsuite hostname="LAPTOP-SR90L28N" failures="0" tests="2" name="test.testng_1" time="0.008" errors="0" timestamp="2022-03-14T20:02:59 IST" skipped="0">
  <testcase classname="test.testng_1" name="test1" time="0.007"/>
  <system-out/>
  <testcase classname="test.testng_1" name="test2" time="0.001"/>
  <system-out/>
</testsuite> <!-- test.testng_1 -->
