<?xml version="1.0" encoding="UTF-8"?>
<!-- Generated by org.testng.reporters.JUnitReportReporter -->
<testsuite hostname="LAPTOP-SR90L28N" failures="0" tests="3" name="test.testng_2" time="0.002" errors="0" timestamp="2022-03-20T20:58:34 IST" skipped="0">
  <testcase classname="test.testng_2" name="mobileLogOut" time="0.001"/>
  <system-out/>
  <testcase classname="test.testng_2" name="mobileSignOut" time="0.000"/>
  <system-out/>
  <testcase classname="test.testng_2" name="mobileSignIn" time="0.001"/>
  <system-out/>
</testsuite> <!-- test.testng_2 -->
