<?xml version="1.0" encoding="UTF-8"?>
<!-- Generated by org.testng.reporters.JUnitReportReporter -->
<testsuite hostname="LAPTOP-SR90L28N" failures="0" tests="4" name="test.testng_1" time="0.013" errors="0" timestamp="2022-03-20T20:58:34 IST" skipped="0">
  <testcase classname="test.testng_1" name="test1" time="0.009"/>
  <system-out/>
  <testcase classname="test.testng_1" name="test2" time="0.002"/>
  <system-out/>
  <testcase classname="test.testng_1" name="test3" time="0.001"/>
  <system-out/>
  <testcase classname="test.testng_1" name="test4" time="0.001"/>
  <system-out/>
</testsuite> <!-- test.testng_1 -->
